2018-02-23 13:02:06 INFO org.eduprom.Main main started application
2018-02-23 13:02:06 INFO org.eduprom.miners.AbstractMiner mine Started training the log file: EventLogs/sample.xes using the algorithm: EnumeratePaths
2018-02-23 13:02:06 FINE org.eduprom.utils.LogHelper printLogGrouped Log: {register request -> check ticket -> examine casually -> decide -> pay compensation=1, register request -> examine casually -> check ticket -> decide -> reinitiate request -> check ticket -> examine casually -> decide -> reinitiate request -> examine casually -> check ticket -> decide -> reject request=1, register request -> check ticket -> examine thoroughly -> decide -> reject request=1, register request -> examine thoroughly -> check ticket -> decide -> reject request=1, register request -> examine casually -> check ticket -> decide -> pay compensation=1, register request -> examine casually -> check ticket -> decide -> reinitiate request -> examine thoroughly -> check ticket -> decide -> pay compensation=1}
2018-02-23 13:02:06 INFO org.eduprom.miners.AbstractMiner mine read event log successfully
2018-02-23 13:02:06 INFO org.eduprom.miners.AbstractMiner mine Training the log file: EventLogs/sample.xes using the algorithm: EnumeratePaths has completed successfully
2018-02-23 13:02:06 FINE sun.awt.X11.XToolkit setupModifierMap In setupModifierMap
2018-02-23 13:02:06 FINE sun.awt.X11.XToolkit setupModifierMap metaMask = 0
2018-02-23 13:02:06 FINE sun.awt.X11.XToolkit setupModifierMap altMask = 8
2018-02-23 13:02:06 FINE sun.awt.X11.XToolkit setupModifierMap numLockMask = 16
2018-02-23 13:02:06 FINE sun.awt.X11.XToolkit setupModifierMap modeSwitchMask = 128
2018-02-23 13:02:06 FINE sun.awt.X11.XToolkit setupModifierMap modLockIsShiftLock = 0
2018-02-23 13:02:06 CONFIG sun.awt.X11.XToolkit setBackingStoreType The system property sun.awt.backingStore is not set, by default backingStore=NotUseful
2018-02-23 13:02:06 FINE sun.awt.X11.XNETProtocol detect ### sun.awt.X11.XNETProtocol@79ad8b2f is active: true
2018-02-23 13:02:06 FINE sun.awt.X11.XWM getWMID _NET_WM_NAME is Compiz
2018-02-23 13:02:06 FINE sun.awt.X11.XWINProtocol detect ### sun.awt.X11.XWINProtocol@13c10b87 is active: false
2018-02-23 13:02:06 FINE sun.awt.X11.XNETProtocol isWMName ### WM_NAME = Compiz
2018-02-23 13:02:06 FINE sun.awt.X11.XNETProtocol isWMName ### WM_NAME = Compiz
2018-02-23 13:02:06 FINE sun.awt.X11.XNETProtocol isWMName ### WM_NAME = Compiz
2018-02-23 13:02:06 FINE sun.awt.X11.XNETProtocol isWMName ### WM_NAME = Compiz
2018-02-23 13:02:06 FINE sun.awt.X11.XNETProtocol isWMName ### WM_NAME = Compiz
2018-02-23 13:02:06 FINE sun.awt.X11.XNETProtocol isWMName ### WM_NAME = Compiz
2018-02-23 13:02:06 FINE sun.awt.X11.XNETProtocol isWMName ### WM_NAME = Compiz
2018-02-23 13:02:06 FINE sun.awt.X11.XNETProtocol isWMName ### WM_NAME = Compiz
2018-02-23 13:02:06 FINE sun.awt.X11.XProtocol checkProtocol sun.awt.X11.XNETProtocol@79ad8b2f:_NET_SUPPORTED:512 supports [528, _NET_WM_WINDOW_TYPE_DIALOG:400, 529, 530, 531, 403, 532, _NET_WM_WINDOW_TYPE_NORMAL:404, 533, 534, _NET_WM_WINDOW_TYPE_UTILITY:407, 408, 537, 539, 412, 541, 542, 543, _NET_SUPPORTED:512, 384, _NET_WM_STATE:385, _NET_WM_WINDOW_OPACITY:513, _NET_WM_STATE_ABOVE:386, 514, _NET_WM_STATE_BELOW:387, 516, _NET_WM_STATE_FULLSCREEN:388, _NET_WM_STATE_SHADED:517, _NET_WM_STATE_HIDDEN:389, _NET_WM_STATE_MODAL:390, 518, _NET_WM_STATE_MAXIMIZED_VERT:391, _NET_WM_STATE_MAXIMIZED_HORZ:392, 520, _NET_WM_STATE_SKIP_TASKBAR:393, 521, _NET_WM_STATE_SKIP_PAGER:394, 522, 395, 523, 524, 525, 526, _NET_WM_WINDOW_TYPE:398, 527, _NET_REQUEST_FRAME_EXTENTS:570, 443, 571, 444, 572, 445, 573, 446, _NET_SUPPORTING_WM_CHECK:425, 558, 369, _NET_ACTIVE_WINDOW:374, 375, _NET_FRAME_EXTENTS:376, _NET_WM_NAME:382, 481, 482, 483, 484, 485, 488, UTF8_STRING:367]
2018-02-23 13:02:06 FINE sun.awt.X11.XWM <init> Window manager: Other WM
2018-02-23 13:02:06 FINE sun.awt.X11.XAWTXSettings initXSettings Initializing XAWT XSettings
2018-02-23 13:02:06 FINE sun.awt.X11.XMSelection selectPerScreen Grabbing XServer
2018-02-23 13:02:06 FINE sun.awt.X11.XMSelection selectPerScreen Screen = 0 selection name = _XSETTINGS_S0
2018-02-23 13:02:06 FINE sun.awt.X11.XMSelection selectPerScreen Selection Owner for screen 0 = 12582929
2018-02-23 13:02:06 FINE sun.awt.X11.XMSelection selectPerScreen UnGrabbing XServer
2018-02-23 13:02:06 FINE sun.awt.X11.XAWTXSettings initPerScreenXSettings Updating Per XSettings changes
2018-02-23 13:02:06 FINE sun.awt.X11.XAWTXSettings getUpdatedSettings owner =12582929
2018-02-23 13:02:06 FINE sun.awt.X11.XAWTXSettings getUpdatedSettings noItems = 1740
2018-02-23 13:02:06 FINE sun.awt.X11.XToolkit parseXSettings name = gnome.Gtk/FontName value = Ubuntu 11
2018-02-23 13:02:06 FINE sun.awt.X11.XToolkit parseXSettings name = gnome.Gtk/ToolbarIconSize value = large
2018-02-23 13:02:06 FINE sun.awt.X11.XToolkit parseXSettings name = gnome.Gtk/ToolbarStyle value = both-horiz
2018-02-23 13:02:06 FINE sun.awt.X11.XToolkit parseXSettings name = gnome.Net/FallbackIconTheme value = gnome
2018-02-23 13:02:06 FINE sun.awt.X11.XToolkit parseXSettings name = gnome.Gtk/ColorScheme value = 
2018-02-23 13:02:06 FINE sun.awt.X11.XToolkit parseXSettings name = gnome.Xft/HintStyle value = hintslight
2018-02-23 13:02:06 FINE sun.awt.X11.XToolkit parseXSettings name = gnome.Gtk/MenuBarAccel value = F10
2018-02-23 13:02:06 FINE sun.awt.X11.XToolkit parseXSettings name = gnome.Gtk/ShellShowsMenubar value = 1
2018-02-23 13:02:06 FINE sun.awt.X11.XToolkit parseXSettings name = gnome.Gtk/RecentFilesEnabled value = 1
2018-02-23 13:02:06 FINE sun.awt.X11.XToolkit parseXSettings name = gnome.Net/ThemeName value = Ambiance
2018-02-23 13:02:06 FINE sun.awt.X11.XToolkit parseXSettings name = gnome.Gtk/ButtonImages value = 0
2018-02-23 13:02:06 FINE sun.awt.X11.XToolkit parseXSettings name = gnome.Gdk/WindowScalingFactor value = 1
2018-02-23 13:02:06 FINE sun.awt.X11.XToolkit parseXSettings name = gnome.Xft/Hinting value = 1
2018-02-23 13:02:06 FINE sun.awt.X11.XToolkit parseXSettings name = gnome.Gtk/CanChangeAccels value = 0
2018-02-23 13:02:06 FINE sun.awt.X11.XToolkit parseXSettings name = gnome.Gtk/IMStatusStyle value = callback
2018-02-23 13:02:06 FINE sun.awt.X11.XToolkit parseXSettings name = gnome.Gtk/TimeoutRepeat value = 20
2018-02-23 13:02:06 FINE sun.awt.X11.XToolkit parseXSettings name = gnome.Gtk/DecorationLayout value = close,minimize,maximize:
2018-02-23 13:02:06 FINE sun.awt.X11.XToolkit parseXSettings name = gnome.Gtk/RecentFilesMaxAge value = -1
2018-02-23 13:02:06 FINE sun.awt.X11.XToolkit parseXSettings name = gnome.Gtk/AutoMnemonics value = 1
2018-02-23 13:02:06 FINE sun.awt.X11.XToolkit parseXSettings name = gnome.Gtk/Modules value = canberra-gtk-module
2018-02-23 13:02:06 FINE sun.awt.X11.XToolkit parseXSettings name = gnome.Net/EnableEventSounds value = 1
2018-02-23 13:02:06 FINE sun.awt.X11.XToolkit parseXSettings name = gnome.Net/EnableInputFeedbackSounds value = 0
2018-02-23 13:02:06 FINE sun.awt.X11.XToolkit parseXSettings name = gnome.Net/CursorBlink value = 1
2018-02-23 13:02:06 FINE sun.awt.X11.XToolkit parseXSettings name = gnome.Net/DndDragThreshold value = 8
2018-02-23 13:02:06 FINE sun.awt.X11.XToolkit parseXSettings name = gnome.Gtk/EnableAnimations value = 1
2018-02-23 13:02:06 FINE sun.awt.X11.XToolkit parseXSettings name = gnome.Gtk/CursorThemeName value = DMZ-White
2018-02-23 13:02:06 FINE sun.awt.X11.XToolkit parseXSettings name = gnome.Gtk/TimeoutInitial value = 200
2018-02-23 13:02:06 FINE sun.awt.X11.XToolkit parseXSettings name = gnome.Net/DoubleClickTime value = 400
2018-02-23 13:02:06 FINE sun.awt.X11.XToolkit parseXSettings name = gnome.Gtk/MenuImages value = 0
2018-02-23 13:02:06 FINE sun.awt.X11.XToolkit parseXSettings name = gnome.Gtk/CursorThemeSize value = 24
2018-02-23 13:02:06 FINE sun.awt.X11.XToolkit parseXSettings name = gnome.Xft/RGBA value = rgb
2018-02-23 13:02:06 FINE sun.awt.X11.XToolkit parseXSettings name = gnome.Gtk/CursorBlinkTimeout value = 10
2018-02-23 13:02:06 FINE sun.awt.X11.XToolkit parseXSettings name = gnome.Gtk/IMModule value = gtk-im-context-simple
2018-02-23 13:02:06 FINE sun.awt.X11.XToolkit parseXSettings name = gnome.Gtk/IMPreeditStyle value = callback
2018-02-23 13:02:06 FINE sun.awt.X11.XToolkit parseXSettings name = gnome.Gtk/KeyThemeName value = Default
2018-02-23 13:02:06 FINE sun.awt.X11.XToolkit parseXSettings name = gnome.Gtk/ShowInputMethodMenu value = 1
2018-02-23 13:02:06 FINE sun.awt.X11.XToolkit parseXSettings name = gnome.Gtk/ShellShowsAppMenu value = 1
2018-02-23 13:02:06 FINE sun.awt.X11.XToolkit parseXSettings name = gnome.Gtk/ColorPalette value = black:white:gray50:red:purple:blue:light blue:green:yellow:orange:lavender:brown:goldenrod4:dodger blue:pink:light green:gray10:gray30:gray75:gray90
2018-02-23 13:02:06 FINE sun.awt.X11.XToolkit parseXSettings name = gnome.Net/SoundThemeName value = ubuntu
2018-02-23 13:02:06 FINE sun.awt.X11.XToolkit parseXSettings name = gnome.Net/CursorBlinkTime value = 1200
2018-02-23 13:02:06 FINE sun.awt.X11.XToolkit parseXSettings name = gnome.Gtk/ShowUnicodeMenu value = 1
2018-02-23 13:02:06 FINE sun.awt.X11.XToolkit parseXSettings name = gnome.Net/IconThemeName value = ubuntu-mono-dark
2018-02-23 13:02:06 FINE sun.awt.X11.XToolkit parseXSettings name = gnome.Xft/Antialias value = 1
2018-02-23 13:02:06 FINE sun.awt.X11.XToolkit parseXSettings name = gnome.Gdk/UnscaledDPI value = 98304
2018-02-23 13:02:06 FINE sun.awt.X11.XToolkit parseXSettings name = gnome.Xft/DPI value = 98304
2018-02-23 13:02:07 FINE java.awt.Container mixOnReshaping this = org.processmining.plugins.graphviz.visualisation.DotPanel[,0,0,965x2554,invalid,layout=java.awt.FlowLayout,alignmentX=0.0,alignmentY=0.0,border=,flags=16777601,maximumSize=,minimumSize=,preferredSize=]
2018-02-23 13:02:07 FINE java.awt.Component isMixingNeeded this = org.processmining.plugins.graphviz.visualisation.DotPanel[,0,0,965x2554,invalid,layout=java.awt.FlowLayout,alignmentX=0.0,alignmentY=0.0,border=,flags=16777601,maximumSize=,minimumSize=,preferredSize=]; containing window is null
2018-02-23 13:02:07 INFO org.eduprom.miners.AbstractPetrinetMiner evaluate Checking conformance
2018-02-23 13:02:07 INFO org.eduprom.utils.PetrinetHelper printResults Alignment checking: key= Calculation Time (ms), value= 3.166666666666667
2018-02-23 13:02:07 INFO org.eduprom.utils.PetrinetHelper printResults Alignment checking: key= Raw Fitness Cost, value= 0.0
2018-02-23 13:02:07 INFO org.eduprom.utils.PetrinetHelper printResults Alignment checking: key= Num. States, value= 16.666666666666668
2018-02-23 13:02:07 INFO org.eduprom.utils.PetrinetHelper printResults Alignment checking: key= Trace Fitness, value= 1.0
2018-02-23 13:02:07 INFO org.eduprom.utils.PetrinetHelper printResults Alignment checking: key= Move-Model Fitness, value= 1.0
2018-02-23 13:02:07 INFO org.eduprom.utils.PetrinetHelper printResults Alignment checking: key= Move-Log Fitness, value= 1.0
2018-02-23 13:02:07 INFO org.eduprom.utils.PetrinetHelper printResults Alignment checking: key= Trace Length, value= 7.0
2018-02-23 13:02:07 INFO org.eduprom.utils.PetrinetHelper printResults Alignment checking: key= Queued States, value= 53.0
2018-02-23 13:02:07 INFO org.eduprom.utils.PetrinetHelper printResults Conformance checking, precision 1.000000
2018-02-23 13:02:07 INFO org.eduprom.utils.PetrinetHelper printResults Conformance checking, generalization 0.133333
2018-02-23 13:02:07 INFO org.eduprom.miners.AbstractPetrinetMiner evaluate Structuredness: 63.0
2018-02-23 13:02:07 INFO org.eduprom.Main main ended application
